<!DOCTYPE html PUBLIC "-//W3C//DTD XHTML 1.1//EN" "https://www.w3.org/TR/xhtml11/DTD/xhtml11.dtd">
<html xmlns="https://www.w3.org/1999/xhtml">
<head>
<meta http-equiv="content-type" content="text/html; charset=UTF-8"/>
<title>TestNG Report</title>
<style type="text/css">table {margin-bottom:10px;border-collapse:collapse;empty-cells:show}th,td {border:1px solid #009;padding:.25em .5em}th {vertical-align:bottom}td {vertical-align:top}table a {font-weight:bold}.stripe td {background-color: #E6EBF9}.num {text-align:right}.passedodd td {background-color: #3F3}.passedeven td {background-color: #0A0}.skippedodd td {background-color: #DDD}.skippedeven td {background-color: #CCC}.failedodd td,.attn {background-color: #F33}.failedeven td,.stripe .attn {background-color: #D00}.stacktrace {white-space:pre;font-family:monospace}.totop {font-size:85%;text-align:center;border-bottom:2px solid #000}.invisible {display:none}</style>
</head>
<body>
<table>
<tr><th>Test</th><th># Passed</th><th># Skipped</th><th># Retried</th><th># Failed</th><th>Time (ms)</th><th>Included Groups</th><th>Excluded Groups</th></tr>
<tr><th colspan="8">Default suite</th></tr>
<tr><td><a href="#t0">Default test</a></td><td class="num">20</td><td class="num">0</td><td class="num">0</td><td class="num attn">9</td><td class="num">15,191</td><td></td><td></td></tr>
</table>
<table id='summary'><thead><tr><th>Class</th><th>Method</th><th>Start</th><th>Time (ms)</th></tr></thead><tbody><tr><th colspan="4">Default suite</th></tr></tbody><tbody id="t0"><tr><th colspan="4">Default test &#8212; failed</th></tr><tr class="failedeven"><td rowspan="9">Runner.testRunner</td><td><a href="#m0">runScenario</a></td><td rowspan="9">1686075567790</td><td rowspan="9">687</td></tr><tr class="failedeven"><td><a href="#m1">runScenario</a></td></tr><tr class="failedeven"><td><a href="#m2">runScenario</a></td></tr><tr class="failedeven"><td><a href="#m3">runScenario</a></td></tr><tr class="failedeven"><td><a href="#m4">runScenario</a></td></tr><tr class="failedeven"><td><a href="#m5">runScenario</a></td></tr><tr class="failedeven"><td><a href="#m6">runScenario</a></td></tr><tr class="failedeven"><td><a href="#m7">runScenario</a></td></tr><tr class="failedeven"><td><a href="#m8">runScenario</a></td></tr><tr><th colspan="4">Default test &#8212; passed</th></tr><tr class="passedeven"><td rowspan="20">Runner.testRunner</td><td><a href="#m9">runScenario</a></td><td rowspan="20">1686075562690</td><td rowspan="20">396</td></tr><tr class="passedeven"><td><a href="#m10">runScenario</a></td></tr><tr class="passedeven"><td><a href="#m11">runScenario</a></td></tr><tr class="passedeven"><td><a href="#m12">runScenario</a></td></tr><tr class="passedeven"><td><a href="#m13">runScenario</a></td></tr><tr class="passedeven"><td><a href="#m14">runScenario</a></td></tr><tr class="passedeven"><td><a href="#m15">runScenario</a></td></tr><tr class="passedeven"><td><a href="#m16">runScenario</a></td></tr><tr class="passedeven"><td><a href="#m17">runScenario</a></td></tr><tr class="passedeven"><td><a href="#m18">runScenario</a></td></tr><tr class="passedeven"><td><a href="#m19">runScenario</a></td></tr><tr class="passedeven"><td><a href="#m20">runScenario</a></td></tr><tr class="passedeven"><td><a href="#m21">runScenario</a></td></tr><tr class="passedeven"><td><a href="#m22">runScenario</a></td></tr><tr class="passedeven"><td><a href="#m23">runScenario</a></td></tr><tr class="passedeven"><td><a href="#m24">runScenario</a></td></tr><tr class="passedeven"><td><a href="#m25">runScenario</a></td></tr><tr class="passedeven"><td><a href="#m26">runScenario</a></td></tr><tr class="passedeven"><td><a href="#m27">runScenario</a></td></tr><tr class="passedeven"><td><a href="#m28">runScenario</a></td></tr></tbody>
</table>
<h2>Default test</h2><h3 id="m0">Runner.testRunner#runScenario</h3><table class="result"><tr class="param"><th>Parameter #1</th><th>Parameter #2</th></tr><tr class="param stripe"><td>&quot;The user is presented with error message for invalid username&quot;</td><td>&quot;Validating Register page&quot;</td></tr><tr><th colspan="2">Exception</th></tr><tr><td colspan="2"><div class="stacktrace">java.lang.AssertionError: expected [Please enter a valid username] but found [password_mismatch:The two password fields didn’t match.]
	at org.testng.Assert.fail(Assert.java:110)
	at org.testng.Assert.failNotEquals(Assert.java:1413)
	at org.testng.Assert.assertEqualsImpl(Assert.java:149)
	at org.testng.Assert.assertEquals(Assert.java:131)
	at org.testng.Assert.assertEquals(Assert.java:655)
	at org.testng.Assert.assertEquals(Assert.java:665)
	at StepDefinition.Register_StepDefinition.it_should_display_an_error_message(Register_StepDefinition.java:73)
	at ✽.It should display an error message &quot;Please enter a valid username&quot;(file:///C:/Users/shrav/eclipse-workspace1/com.dsalgoCucumberFramework/src/test/resources/Features/Register.feature:38)
</div></td></tr></table><p class="totop"><a href="#summary">back to summary</a></p>
<h3 id="m1">Runner.testRunner#runScenario</h3><table class="result"><tr class="param"><th>Parameter #1</th><th>Parameter #2</th></tr><tr class="param stripe"><td>&quot;The user redirected to Homepage with valid details&quot;</td><td>&quot;Validating Register page&quot;</td></tr><tr><th colspan="2">Exception</th></tr><tr><td colspan="2"><div class="stacktrace">java.lang.AssertionError: Title do not match expected [NumpyNinja] but found [Registration]
	at org.testng.Assert.fail(Assert.java:110)
	at org.testng.Assert.failNotEquals(Assert.java:1413)
	at org.testng.Assert.assertEqualsImpl(Assert.java:149)
	at org.testng.Assert.assertEquals(Assert.java:131)
	at org.testng.Assert.assertEquals(Assert.java:655)
	at StepDefinition.Register_StepDefinition.the_user_should_be_redirected_to_homepage_with_the_message(Register_StepDefinition.java:140)
	at ✽.The user should be redirected to Homepage with the message &quot;New Account Created. You are logged in as &lt;username&gt;&quot;(file:///C:/Users/shrav/eclipse-workspace1/com.dsalgoCucumberFramework/src/test/resources/Features/Register.feature:86)
</div></td></tr></table><p class="totop"><a href="#summary">back to summary</a></p>
<h3 id="m2">Runner.testRunner#runScenario</h3><table class="result"><tr class="param"><th>Parameter #1</th><th>Parameter #2</th></tr><tr class="param stripe"><td>&quot;The user is presented with error message for password with characters less than 8&quot;</td><td>&quot;Validating Register page&quot;</td></tr><tr><th colspan="2">Exception</th></tr><tr><td colspan="2"><div class="stacktrace">java.lang.AssertionError: expected [Password should contain at least 8 characters] but found [password_mismatch:The two password fields didn’t match.]
	at org.testng.Assert.fail(Assert.java:110)
	at org.testng.Assert.failNotEquals(Assert.java:1413)
	at org.testng.Assert.assertEqualsImpl(Assert.java:149)
	at org.testng.Assert.assertEquals(Assert.java:131)
	at org.testng.Assert.assertEquals(Assert.java:655)
	at org.testng.Assert.assertEquals(Assert.java:665)
	at StepDefinition.Register_StepDefinition.it_should_display_an_error_message(Register_StepDefinition.java:73)
	at ✽.It should display an error message &quot;Password should contain at least 8 characters&quot;(file:///C:/Users/shrav/eclipse-workspace1/com.dsalgoCucumberFramework/src/test/resources/Features/Register.feature:54)
</div></td></tr></table><p class="totop"><a href="#summary">back to summary</a></p>
<h3 id="m3">Runner.testRunner#runScenario</h3><table class="result"><tr class="param"><th>Parameter #1</th><th>Parameter #2</th></tr><tr class="param stripe"><td>&quot;User on signin page and login with valid credentials&quot;</td><td>&quot;Validating Register page&quot;</td></tr><tr><th colspan="2">Exception</th></tr><tr><td colspan="2"><div class="stacktrace">io.cucumber.testng.UndefinedStepException: The step &apos;The user is on signin page&apos; and 2 other step(s) are undefined.
You can implement these steps using the snippet(s) below:

@Given(&quot;The user is on signin page&quot;)
public void the_user_is_on_signin_page() {
    // Write code here that turns the phrase above into concrete actions
    throw new io.cucumber.java.PendingException();
}
@When(&quot;The user enter valid {string} and {string}&quot;)
public void the_user_enter_valid_and(String string, String string2) {
    // Write code here that turns the phrase above into concrete actions
    throw new io.cucumber.java.PendingException();
}
@Then(&quot;click login button to verify&quot;)
public void click_login_button_to_verify() {
    // Write code here that turns the phrase above into concrete actions
    throw new io.cucumber.java.PendingException();
}

	at io.cucumber.core.runtime.TestCaseResultObserver.assertTestCasePassed(TestCaseResultObserver.java:69)
	at io.cucumber.testng.TestCaseResultObserver.assertTestCasePassed(TestCaseResultObserver.java:23)
	at io.cucumber.testng.TestNGCucumberRunner.lambda$runScenario$1(TestNGCucumberRunner.java:133)
	at io.cucumber.core.runtime.CucumberExecutionContext.lambda$runTestCase$5(CucumberExecutionContext.java:129)
	at io.cucumber.core.runtime.RethrowingThrowableCollector.executeAndThrow(RethrowingThrowableCollector.java:23)
	at io.cucumber.core.runtime.CucumberExecutionContext.runTestCase(CucumberExecutionContext.java:129)
	at io.cucumber.testng.TestNGCucumberRunner.runScenario(TestNGCucumberRunner.java:129)
	at io.cucumber.testng.AbstractTestNGCucumberTests.runScenario(AbstractTestNGCucumberTests.java:35)
	at jdk.internal.reflect.GeneratedMethodAccessor96.invoke(Unknown Source)
	at java.base/jdk.internal.reflect.DelegatingMethodAccessorImpl.invoke(DelegatingMethodAccessorImpl.java:43)
	at java.base/java.lang.reflect.Method.invoke(Method.java:568)
	at org.testng.internal.invokers.MethodInvocationHelper.invokeMethod(MethodInvocationHelper.java:139)
	at org.testng.internal.invokers.TestInvoker.invokeMethod(TestInvoker.java:677)
	at org.testng.internal.invokers.TestInvoker.invokeTestMethod(TestInvoker.java:221)
	at org.testng.internal.invokers.MethodRunner.runInSequence(MethodRunner.java:50)
	at org.testng.internal.invokers.TestInvoker$MethodInvocationAgent.invoke(TestInvoker.java:962)
	at org.testng.internal.invokers.TestInvoker.invokeTestMethods(TestInvoker.java:194)
	at org.testng.internal.invokers.TestMethodWorker.invokeTestMethods(TestMethodWorker.java:148)
	at org.testng.internal.invokers.TestMethodWorker.run(TestMethodWorker.java:128)
	at java.base/java.util.ArrayList.forEach(ArrayList.java:1511)
	at org.testng.TestRunner.privateRun(TestRunner.java:806)
	at org.testng.TestRunner.run(TestRunner.java:601)
	at org.testng.SuiteRunner.runTest(SuiteRunner.java:433)
	at org.testng.SuiteRunner.runSequentially(SuiteRunner.java:427)
	at org.testng.SuiteRunner.privateRun(SuiteRunner.java:387)
	at org.testng.SuiteRunner.run(SuiteRunner.java:330)
	at org.testng.SuiteRunnerWorker.runSuite(SuiteRunnerWorker.java:52)
	at org.testng.SuiteRunnerWorker.run(SuiteRunnerWorker.java:95)
	at org.testng.TestNG.runSuitesSequentially(TestNG.java:1256)
	at org.testng.TestNG.runSuitesLocally(TestNG.java:1176)
	at org.testng.TestNG.runSuites(TestNG.java:1099)
	at org.testng.TestNG.run(TestNG.java:1067)
	at org.testng.remote.AbstractRemoteTestNG.run(AbstractRemoteTestNG.java:115)
	at org.testng.remote.RemoteTestNG.initAndRun(RemoteTestNG.java:251)
	at org.testng.remote.RemoteTestNG.main(RemoteTestNG.java:77)
</div></td></tr></table><p class="totop"><a href="#summary">back to summary</a></p>
<h3 id="m4">Runner.testRunner#runScenario</h3><table class="result"><tr class="param"><th>Parameter #1</th><th>Parameter #2</th></tr><tr class="param stripe"><td>&quot;The user is presented with error message for password mismatch&quot;</td><td>&quot;Validating Register page&quot;</td></tr><tr><th colspan="2">Exception</th></tr><tr><td colspan="2"><div class="stacktrace">java.lang.AssertionError: expected [password_mismatch:The two password fields didnâ€™t match.] but found [password_mismatch:The two password fields didn’t match.]
	at org.testng.Assert.fail(Assert.java:110)
	at org.testng.Assert.failNotEquals(Assert.java:1413)
	at org.testng.Assert.assertEqualsImpl(Assert.java:149)
	at org.testng.Assert.assertEquals(Assert.java:131)
	at org.testng.Assert.assertEquals(Assert.java:655)
	at org.testng.Assert.assertEquals(Assert.java:665)
	at StepDefinition.Register_StepDefinition.it_should_display_an_error_message(Register_StepDefinition.java:73)
	at ✽.It should display an error message &quot;password_mismatch:The two password fields didnâ€™t match.&quot;(file:///C:/Users/shrav/eclipse-workspace1/com.dsalgoCucumberFramework/src/test/resources/Features/Register.feature:46)
</div></td></tr></table><p class="totop"><a href="#summary">back to summary</a></p>
<h3 id="m5">Runner.testRunner#runScenario</h3><table class="result"><tr class="param"><th>Parameter #1</th><th>Parameter #2</th></tr><tr class="param stripe"><td>&quot;The user is presented with error message for commonly used password&quot;</td><td>&quot;Validating Register page&quot;</td></tr><tr><th colspan="2">Exception</th></tr><tr><td colspan="2"><div class="stacktrace">java.lang.AssertionError: expected [Password canâ€™t be commonly used password] but found [password_mismatch:The two password fields didn’t match.]
	at org.testng.Assert.fail(Assert.java:110)
	at org.testng.Assert.failNotEquals(Assert.java:1413)
	at org.testng.Assert.assertEqualsImpl(Assert.java:149)
	at org.testng.Assert.assertEquals(Assert.java:131)
	at org.testng.Assert.assertEquals(Assert.java:655)
	at org.testng.Assert.assertEquals(Assert.java:665)
	at StepDefinition.Register_StepDefinition.it_should_display_an_error_message(Register_StepDefinition.java:73)
	at ✽.It should display an error message &quot;Password canâ€™t be commonly used password&quot;(file:///C:/Users/shrav/eclipse-workspace1/com.dsalgoCucumberFramework/src/test/resources/Features/Register.feature:78)
</div></td></tr></table><p class="totop"><a href="#summary">back to summary</a></p>
<h3 id="m6">Runner.testRunner#runScenario</h3><table class="result"><tr class="param"><th>Parameter #1</th><th>Parameter #2</th></tr><tr class="param stripe"><td>&quot;The user is presented with error message for password too similar to your other personal information&quot;</td><td>&quot;Validating Register page&quot;</td></tr><tr><th colspan="2">Exception</th></tr><tr><td colspan="2"><div class="stacktrace">java.lang.AssertionError: expected [password canâ€™t be too similar to your other personal information.] but found [password_mismatch:The two password fields didn’t match.]
	at org.testng.Assert.fail(Assert.java:110)
	at org.testng.Assert.failNotEquals(Assert.java:1413)
	at org.testng.Assert.assertEqualsImpl(Assert.java:149)
	at org.testng.Assert.assertEquals(Assert.java:131)
	at org.testng.Assert.assertEquals(Assert.java:655)
	at org.testng.Assert.assertEquals(Assert.java:665)
	at StepDefinition.Register_StepDefinition.it_should_display_an_error_message(Register_StepDefinition.java:73)
	at ✽.It should display an error message &quot;password canâ€™t be too similar to your other personal information.&quot;(file:///C:/Users/shrav/eclipse-workspace1/com.dsalgoCucumberFramework/src/test/resources/Features/Register.feature:70)
</div></td></tr></table><p class="totop"><a href="#summary">back to summary</a></p>
<h3 id="m7">Runner.testRunner#runScenario</h3><table class="result"><tr class="param"><th>Parameter #1</th><th>Parameter #2</th></tr><tr class="param stripe"><td>&quot;The user is presented with error message for existing username&quot;</td><td>&quot;Validating Register page&quot;</td></tr><tr><th colspan="2">Exception</th></tr><tr><td colspan="2"><div class="stacktrace">java.lang.AssertionError: expected [Username already exists] but found [password_mismatch:The two password fields didn’t match.]
	at org.testng.Assert.fail(Assert.java:110)
	at org.testng.Assert.failNotEquals(Assert.java:1413)
	at org.testng.Assert.assertEqualsImpl(Assert.java:149)
	at org.testng.Assert.assertEquals(Assert.java:131)
	at org.testng.Assert.assertEquals(Assert.java:655)
	at org.testng.Assert.assertEquals(Assert.java:665)
	at StepDefinition.Register_StepDefinition.it_should_display_an_error_message(Register_StepDefinition.java:73)
	at ✽.It should display an error message &quot;Username already exists&quot;(file:///C:/Users/shrav/eclipse-workspace1/com.dsalgoCucumberFramework/src/test/resources/Features/Register.feature:94)
</div></td></tr></table><p class="totop"><a href="#summary">back to summary</a></p>
<h3 id="m8">Runner.testRunner#runScenario</h3><table class="result"><tr class="param"><th>Parameter #1</th><th>Parameter #2</th></tr><tr class="param stripe"><td>&quot;The user is presented with error message for password with only numbers&quot;</td><td>&quot;Validating Register page&quot;</td></tr><tr><th colspan="2">Exception</th></tr><tr><td colspan="2"><div class="stacktrace">java.lang.AssertionError: expected [Password canâ€™t be entirely numeric.] but found [password_mismatch:The two password fields didn’t match.]
	at org.testng.Assert.fail(Assert.java:110)
	at org.testng.Assert.failNotEquals(Assert.java:1413)
	at org.testng.Assert.assertEqualsImpl(Assert.java:149)
	at org.testng.Assert.assertEquals(Assert.java:131)
	at org.testng.Assert.assertEquals(Assert.java:655)
	at org.testng.Assert.assertEquals(Assert.java:665)
	at StepDefinition.Register_StepDefinition.it_should_display_an_error_message(Register_StepDefinition.java:73)
	at ✽.It should display an error message &quot;Password canâ€™t be entirely numeric.&quot;(file:///C:/Users/shrav/eclipse-workspace1/com.dsalgoCucumberFramework/src/test/resources/Features/Register.feature:62)
</div></td></tr></table><p class="totop"><a href="#summary">back to summary</a></p>
<h3 id="m9">Runner.testRunner#runScenario</h3><table class="result"><tr class="param"><th>Parameter #1</th><th>Parameter #2</th></tr><tr class="param stripe"><td>&quot;User is on Home page and click getstarted link &quot;Queue&quot; on home page without sign in&quot;</td><td>&quot;User launch dsalgo application and test Home page&quot;</td></tr></table><p class="totop"><a href="#summary">back to summary</a></p>
<h3 id="m10">Runner.testRunner#runScenario</h3><table class="result"><tr class="param"><th>Parameter #1</th><th>Parameter #2</th></tr><tr class="param stripe"><td>&quot;User is on Home page and click on dropdown &quot;Tree&quot; without sign in&quot;</td><td>&quot;User launch dsalgo application and test Home page&quot;</td></tr></table><p class="totop"><a href="#summary">back to summary</a></p>
<h3 id="m11">Runner.testRunner#runScenario</h3><table class="result"><tr class="param"><th>Parameter #1</th><th>Parameter #2</th></tr><tr class="param stripe"><td>&quot;User is on Home page and click getstarted link &quot;Tree&quot; on home page without sign in&quot;</td><td>&quot;User launch dsalgo application and test Home page&quot;</td></tr></table><p class="totop"><a href="#summary">back to summary</a></p>
<h3 id="m12">Runner.testRunner#runScenario</h3><table class="result"><tr class="param"><th>Parameter #1</th><th>Parameter #2</th></tr><tr class="param stripe"><td>&quot;User is on Home page and click getstarted link &quot;Stack&quot; on home page without sign in&quot;</td><td>&quot;User launch dsalgo application and test Home page&quot;</td></tr></table><p class="totop"><a href="#summary">back to summary</a></p>
<h3 id="m13">Runner.testRunner#runScenario</h3><table class="result"><tr class="param"><th>Parameter #1</th><th>Parameter #2</th></tr><tr class="param stripe"><td>&quot;User is on Home page and click getstarted link &quot;Graph&quot; on home page without sign in&quot;</td><td>&quot;User launch dsalgo application and test Home page&quot;</td></tr></table><p class="totop"><a href="#summary">back to summary</a></p>
<h3 id="m14">Runner.testRunner#runScenario</h3><table class="result"><tr class="param"><th>Parameter #1</th><th>Parameter #2</th></tr><tr class="param stripe"><td>&quot;User is on Home page and click getstarted link &quot;Arrays&quot; on home page without sign in&quot;</td><td>&quot;User launch dsalgo application and test Home page&quot;</td></tr></table><p class="totop"><a href="#summary">back to summary</a></p>
<h3 id="m15">Runner.testRunner#runScenario</h3><table class="result"><tr class="param"><th>Parameter #1</th><th>Parameter #2</th></tr><tr class="param stripe"><td>&quot;User is on Home page and click on Register&quot;</td><td>&quot;User launch dsalgo application and test Home page&quot;</td></tr></table><p class="totop"><a href="#summary">back to summary</a></p>
<h3 id="m16">Runner.testRunner#runScenario</h3><table class="result"><tr class="param"><th>Parameter #1</th><th>Parameter #2</th></tr><tr class="param stripe"><td>&quot;The user is presented with error message for empty fields below Password textbox&quot;</td><td>&quot;Validating Register page&quot;</td></tr></table><p class="totop"><a href="#summary">back to summary</a></p>
<h3 id="m17">Runner.testRunner#runScenario</h3><table class="result"><tr class="param"><th>Parameter #1</th><th>Parameter #2</th></tr><tr class="param stripe"><td>&quot;User is on Home page and click getstarted link &quot;Datastructures&quot; on home page without sign in&quot;</td><td>&quot;User launch dsalgo application and test Home page&quot;</td></tr></table><p class="totop"><a href="#summary">back to summary</a></p>
<h3 id="m18">Runner.testRunner#runScenario</h3><table class="result"><tr class="param"><th>Parameter #1</th><th>Parameter #2</th></tr><tr class="param stripe"><td>&quot;User is on Home page and click on dropdown &quot;Stack&quot; without sign in&quot;</td><td>&quot;User launch dsalgo application and test Home page&quot;</td></tr></table><p class="totop"><a href="#summary">back to summary</a></p>
<h3 id="m19">Runner.testRunner#runScenario</h3><table class="result"><tr class="param"><th>Parameter #1</th><th>Parameter #2</th></tr><tr class="param stripe"><td>&quot;User is on Home page and click on sign in&quot;</td><td>&quot;User launch dsalgo application and test Home page&quot;</td></tr></table><p class="totop"><a href="#summary">back to summary</a></p>
<h3 id="m20">Runner.testRunner#runScenario</h3><table class="result"><tr class="param"><th>Parameter #1</th><th>Parameter #2</th></tr><tr class="param stripe"><td>&quot;The user is presented with error message for empty fields below Username textbox&quot;</td><td>&quot;Validating Register page&quot;</td></tr></table><p class="totop"><a href="#summary">back to summary</a></p>
<h3 id="m21">Runner.testRunner#runScenario</h3><table class="result"><tr class="param"><th>Parameter #1</th><th>Parameter #2</th></tr><tr class="param stripe"><td>&quot;User is on Home page and click on dropdown &quot;Queue&quot; without sign in&quot;</td><td>&quot;User launch dsalgo application and test Home page&quot;</td></tr></table><p class="totop"><a href="#summary">back to summary</a></p>
<h3 id="m22">Runner.testRunner#runScenario</h3><table class="result"><tr class="param"><th>Parameter #1</th><th>Parameter #2</th></tr><tr class="param stripe"><td>&quot;The user is presented with error message for empty fields below confirm Password textbox&quot;</td><td>&quot;Validating Register page&quot;</td></tr></table><p class="totop"><a href="#summary">back to summary</a></p>
<h3 id="m23">Runner.testRunner#runScenario</h3><table class="result"><tr class="param"><th>Parameter #1</th><th>Parameter #2</th></tr><tr class="param stripe"><td>&quot;User is on Home page and click on dropdown &quot;Graph&quot; without sign in&quot;</td><td>&quot;User launch dsalgo application and test Home page&quot;</td></tr></table><p class="totop"><a href="#summary">back to summary</a></p>
<h3 id="m24">Runner.testRunner#runScenario</h3><table class="result"><tr class="param"><th>Parameter #1</th><th>Parameter #2</th></tr><tr class="param stripe"><td>&quot;User is on Home page and click on dropdown &quot;Arrays&quot; without sign in&quot;</td><td>&quot;User launch dsalgo application and test Home page&quot;</td></tr></table><p class="totop"><a href="#summary">back to summary</a></p>
<h3 id="m25">Runner.testRunner#runScenario</h3><table class="result"><tr class="param"><th>Parameter #1</th><th>Parameter #2</th></tr><tr class="param stripe"><td>&quot;User launch home page of an dsalgo project&quot;</td><td>&quot;Validating Register page&quot;</td></tr></table><p class="totop"><a href="#summary">back to summary</a></p>
<h3 id="m26">Runner.testRunner#runScenario</h3><table class="result"><tr class="param"><th>Parameter #1</th><th>Parameter #2</th></tr><tr class="param stripe"><td>&quot;User is on Home page and click getstarted link &quot;Linkedlist&quot; on home page without sign in&quot;</td><td>&quot;User launch dsalgo application and test Home page&quot;</td></tr></table><p class="totop"><a href="#summary">back to summary</a></p>
<h3 id="m27">Runner.testRunner#runScenario</h3><table class="result"><tr class="param"><th>Parameter #1</th><th>Parameter #2</th></tr><tr class="param stripe"><td>&quot;User is on Home page and click on dropdown &quot;Linkedlist&quot; without sign in&quot;</td><td>&quot;User launch dsalgo application and test Home page&quot;</td></tr></table><p class="totop"><a href="#summary">back to summary</a></p>
<h3 id="m28">Runner.testRunner#runScenario</h3><table class="result"><tr class="param"><th>Parameter #1</th><th>Parameter #2</th></tr><tr class="param stripe"><td>&quot;User launch home page of an dsalgo project&quot;</td><td>&quot;User launch dsalgo application and test Home page&quot;</td></tr></table><p class="totop"><a href="#summary">back to summary</a></p>
</body>
</html>
