<?xml version="1.0" encoding="UTF-8"?>
<!-- Generated by org.testng.reporters.JUnitReportReporter -->
<testsuite hostname="DESKTOP-GPKURBV" failures="7" tests="42" name="Runner.testRunner" time="185.834" errors="0" timestamp="2023-06-18T23:46:13 CDT" skipped="0">
  <testcase classname="Runner.testRunner" name="runScenario" time="2.589"/>
  <system-out/>
  <testcase classname="Runner.testRunner" name="runScenario" time="21.142">
    <failure message="expected [Password cannot be entirely numeric.] but found [null]" type="java.lang.AssertionError">
      <![CDATA[java.lang.AssertionError: expected [Password cannot be entirely numeric.] but found [null]
at org.testng.Assert.fail(Assert.java:110)
at org.testng.Assert.failNotEquals(Assert.java:1413)
at org.testng.Assert.assertEqualsImpl(Assert.java:149)
at org.testng.Assert.assertEquals(Assert.java:131)
at org.testng.Assert.assertEquals(Assert.java:655)
at org.testng.Assert.assertEquals(Assert.java:665)
at StepDefinition.Register_StepDefinition.it_should_display_an_error_message(Register_StepDefinition.java:94)
at ✽.It should display an error message "Password cannot be entirely numeric."(file:///C:/Users/shrav/eclipse-workspace1/com.dsalgoCucumberFramework/src/test/resources/Features/02Register.feature:62)
]]>
    </failure>
  </testcase> <!-- runScenario -->
  <system-out/>
  <testcase classname="Runner.testRunner" name="runScenario" time="0.493"/>
  <system-out/>
  <testcase classname="Runner.testRunner" name="runScenario" time="0.536"/>
  <system-out/>
  <testcase classname="Runner.testRunner" name="runScenario" time="0.647"/>
  <system-out/>
  <testcase classname="Runner.testRunner" name="runScenario" time="0.484"/>
  <system-out/>
  <testcase classname="Runner.testRunner" name="runScenario" time="0.722"/>
  <system-out/>
  <testcase classname="Runner.testRunner" name="runScenario" time="0.940"/>
  <system-out/>
  <testcase classname="Runner.testRunner" name="runScenario" time="0.950"/>
  <system-out/>
  <testcase classname="Runner.testRunner" name="runScenario" time="21.120">
    <failure message="expected [password_mismatch:The two password fields didn�t match.] but found [null]" type="java.lang.AssertionError">
      <![CDATA[java.lang.AssertionError: expected [password_mismatch:The two password fields didn�t match.] but found [null]
at org.testng.Assert.fail(Assert.java:110)
at org.testng.Assert.failNotEquals(Assert.java:1413)
at org.testng.Assert.assertEqualsImpl(Assert.java:149)
at org.testng.Assert.assertEquals(Assert.java:131)
at org.testng.Assert.assertEquals(Assert.java:655)
at org.testng.Assert.assertEquals(Assert.java:665)
at StepDefinition.Register_StepDefinition.it_should_display_an_error_message(Register_StepDefinition.java:94)
at ✽.It should display an error message "password_mismatch:The two password fields didn�t match."(file:///C:/Users/shrav/eclipse-workspace1/com.dsalgoCucumberFramework/src/test/resources/Features/02Register.feature:38)
]]>
    </failure>
  </testcase> <!-- runScenario -->
  <system-out/>
  <testcase classname="Runner.testRunner" name="runScenario" time="0.354"/>
  <system-out/>
  <testcase classname="Runner.testRunner" name="runScenario" time="1.405"/>
  <system-out/>
  <testcase classname="Runner.testRunner" name="runScenario" time="21.284">
    <failure message="expected [password cannot be too similar to your other personal information.] but found [null]" type="java.lang.AssertionError">
      <![CDATA[java.lang.AssertionError: expected [password cannot be too similar to your other personal information.] but found [null]
at org.testng.Assert.fail(Assert.java:110)
at org.testng.Assert.failNotEquals(Assert.java:1413)
at org.testng.Assert.assertEqualsImpl(Assert.java:149)
at org.testng.Assert.assertEquals(Assert.java:131)
at org.testng.Assert.assertEquals(Assert.java:655)
at org.testng.Assert.assertEquals(Assert.java:665)
at StepDefinition.Register_StepDefinition.it_should_display_an_error_message(Register_StepDefinition.java:94)
at ✽.It should display an error message "password cannot be too similar to your other personal information."(file:///C:/Users/shrav/eclipse-workspace1/com.dsalgoCucumberFramework/src/test/resources/Features/02Register.feature:70)
]]>
    </failure>
  </testcase> <!-- runScenario -->
  <system-out/>
  <testcase classname="Runner.testRunner" name="runScenario" time="21.449">
    <failure message="expected [Username already exists] but found [null]" type="java.lang.AssertionError">
      <![CDATA[java.lang.AssertionError: expected [Username already exists] but found [null]
at org.testng.Assert.fail(Assert.java:110)
at org.testng.Assert.failNotEquals(Assert.java:1413)
at org.testng.Assert.assertEqualsImpl(Assert.java:149)
at org.testng.Assert.assertEquals(Assert.java:131)
at org.testng.Assert.assertEquals(Assert.java:655)
at org.testng.Assert.assertEquals(Assert.java:665)
at StepDefinition.Register_StepDefinition.it_should_display_an_error_message(Register_StepDefinition.java:94)
at ✽.It should display an error message "Username already exists"(file:///C:/Users/shrav/eclipse-workspace1/com.dsalgoCucumberFramework/src/test/resources/Features/02Register.feature:94)
]]>
    </failure>
  </testcase> <!-- runScenario -->
  <system-out/>
  <testcase classname="Runner.testRunner" name="runScenario" time="21.203">
    <failure message="expected [password_mismatch:The two password fields didn�t match.] but found [null]" type="java.lang.AssertionError">
      <![CDATA[java.lang.AssertionError: expected [password_mismatch:The two password fields didn�t match.] but found [null]
at org.testng.Assert.fail(Assert.java:110)
at org.testng.Assert.failNotEquals(Assert.java:1413)
at org.testng.Assert.assertEqualsImpl(Assert.java:149)
at org.testng.Assert.assertEquals(Assert.java:131)
at org.testng.Assert.assertEquals(Assert.java:655)
at org.testng.Assert.assertEquals(Assert.java:665)
at StepDefinition.Register_StepDefinition.it_should_display_an_error_message(Register_StepDefinition.java:94)
at ✽.It should display an error message "password_mismatch:The two password fields didn�t match."(file:///C:/Users/shrav/eclipse-workspace1/com.dsalgoCucumberFramework/src/test/resources/Features/02Register.feature:46)
]]>
    </failure>
  </testcase> <!-- runScenario -->
  <system-out/>
  <testcase classname="Runner.testRunner" name="runScenario" time="0.568"/>
  <system-out/>
  <testcase classname="Runner.testRunner" name="runScenario" time="0.502"/>
  <system-out/>
  <testcase classname="Runner.testRunner" name="runScenario" time="0.587"/>
  <system-out/>
  <testcase classname="Runner.testRunner" name="runScenario" time="2.751"/>
  <system-out/>
  <testcase classname="Runner.testRunner" name="runScenario" time="0.797"/>
  <system-out/>
  <testcase classname="Runner.testRunner" name="runScenario" time="1.200"/>
  <system-out/>
  <testcase classname="Runner.testRunner" name="runScenario" time="1.772"/>
  <system-out/>
  <testcase classname="Runner.testRunner" name="runScenario" time="0.519"/>
  <system-out/>
  <testcase classname="Runner.testRunner" name="runScenario" time="0.890"/>
  <system-out/>
  <testcase classname="Runner.testRunner" name="runScenario" time="21.437">
    <failure message="expected [Password cannot be commonly used password] but found [null]" type="java.lang.AssertionError">
      <![CDATA[java.lang.AssertionError: expected [Password cannot be commonly used password] but found [null]
at org.testng.Assert.fail(Assert.java:110)
at org.testng.Assert.failNotEquals(Assert.java:1413)
at org.testng.Assert.assertEqualsImpl(Assert.java:149)
at org.testng.Assert.assertEquals(Assert.java:131)
at org.testng.Assert.assertEquals(Assert.java:655)
at org.testng.Assert.assertEquals(Assert.java:665)
at StepDefinition.Register_StepDefinition.it_should_display_an_error_message(Register_StepDefinition.java:94)
at ✽.It should display an error message "Password cannot be commonly used password"(file:///C:/Users/shrav/eclipse-workspace1/com.dsalgoCucumberFramework/src/test/resources/Features/02Register.feature:78)
]]>
    </failure>
  </testcase> <!-- runScenario -->
  <system-out/>
  <testcase classname="Runner.testRunner" name="runScenario" time="0.502"/>
  <system-out/>
  <testcase classname="Runner.testRunner" name="runScenario" time="0.240"/>
  <system-out/>
  <testcase classname="Runner.testRunner" name="runScenario" time="0.851"/>
  <system-out/>
  <testcase classname="Runner.testRunner" name="runScenario" time="1.097"/>
  <system-out/>
  <testcase classname="Runner.testRunner" name="runScenario" time="21.248">
    <failure message="expected [Password should contain at least 8 characters] but found [null]" type="java.lang.AssertionError">
      <![CDATA[java.lang.AssertionError: expected [Password should contain at least 8 characters] but found [null]
at org.testng.Assert.fail(Assert.java:110)
at org.testng.Assert.failNotEquals(Assert.java:1413)
at org.testng.Assert.assertEqualsImpl(Assert.java:149)
at org.testng.Assert.assertEquals(Assert.java:131)
at org.testng.Assert.assertEquals(Assert.java:655)
at org.testng.Assert.assertEquals(Assert.java:665)
at StepDefinition.Register_StepDefinition.it_should_display_an_error_message(Register_StepDefinition.java:94)
at ✽.It should display an error message "Password should contain at least 8 characters"(file:///C:/Users/shrav/eclipse-workspace1/com.dsalgoCucumberFramework/src/test/resources/Features/02Register.feature:54)
]]>
    </failure>
  </testcase> <!-- runScenario -->
  <system-out/>
  <testcase classname="Runner.testRunner" name="runScenario" time="1.933"/>
  <system-out/>
  <testcase classname="Runner.testRunner" name="runScenario" time="1.872"/>
  <system-out/>
  <testcase classname="Runner.testRunner" name="runScenario" time="1.167"/>
  <system-out/>
  <testcase classname="Runner.testRunner" name="runScenario" time="0.547"/>
  <system-out/>
  <testcase classname="Runner.testRunner" name="runScenario" time="2.307"/>
  <system-out/>
  <testcase classname="Runner.testRunner" name="runScenario" time="2.167"/>
  <system-out/>
  <testcase classname="Runner.testRunner" name="runScenario" time="0.884"/>
  <system-out/>
  <testcase classname="Runner.testRunner" name="runScenario" time="0.525"/>
  <system-out/>
  <testcase classname="Runner.testRunner" name="runScenario" time="2.237"/>
  <system-out/>
  <testcase classname="Runner.testRunner" name="runScenario" time="0.481"/>
  <system-out/>
  <testcase classname="Runner.testRunner" name="runScenario" time="0.960"/>
  <system-out/>
  <testcase classname="Runner.testRunner" name="runScenario" time="0.475"/>
  <system-out/>
</testsuite> <!-- Runner.testRunner -->
